learning/ojayer/Syncly_app/Syncly_app_final/syncly/app/build/intermediates/manifest_merge_blame_file/debug/processDebugMainManifest/manifest-merger-blame-debug-report.txt
1<?xml version="1.0" encoding="utf-8"?>
2<manifest xmlns:android="http://schemas.android.com/apk/res/android"
3    package="com.example.syncly"
4    android:versionCode="1"
5    android:versionName="1.0" >
6
7    <uses-sdk
8        android:minSdkVersion="27"
9        android:targetSdkVersion="35" />
10
11    <!-- Permissions -->
12    <uses-permission android:name="android.permission.INTERNET" />
12-->src\main\AndroidManifest.xml:6:5-67
12-->src\main\AndroidManifest.xml:6:22-64
13    <uses-permission android:name="android.permission.ACCESS_NETWORK_STATE" />
13-->src\main\AndroidManifest.xml:7:5-79
13-->src\main\AndroidManifest.xml:7:22-76
14    <uses-permission android:name="android.permission.GET_ACCOUNTS" />
14-->src\main\AndroidManifest.xml:8:5-107
14-->src\main\AndroidManifest.xml:8:22-68
15    <uses-permission android:name="android.permission.MANAGE_ACCOUNTS" />
15-->src\main\AndroidManifest.xml:9:5-110
15-->src\main\AndroidManifest.xml:9:22-71
16    <uses-permission android:name="android.permission.USE_CREDENTIALS" />
16-->src\main\AndroidManifest.xml:10:5-110
16-->src\main\AndroidManifest.xml:10:22-71
17    <uses-permission android:name="android.permission.READ_EXTERNAL_STORAGE" />
17-->src\main\AndroidManifest.xml:11:5-80
17-->src\main\AndroidManifest.xml:11:22-77
18    <uses-permission android:name="android.permission.WRITE_EXTERNAL_STORAGE" />
18-->src\main\AndroidManifest.xml:12:5-81
18-->src\main\AndroidManifest.xml:12:22-78
19    <uses-permission android:name="android.permission.MANAGE_EXTERNAL_STORAGE" />
19-->src\main\AndroidManifest.xml:13:5-82
19-->src\main\AndroidManifest.xml:13:22-79
20
21    <!-- Queries for Android 11+ to allow browser intents -->
22    <queries>
22-->src\main\AndroidManifest.xml:16:5-21:15
23        <intent>
23-->src\main\AndroidManifest.xml:17:9-20:18
24            <action android:name="android.intent.action.VIEW" />
24-->src\main\AndroidManifest.xml:18:13-65
24-->src\main\AndroidManifest.xml:18:21-62
25
26            <data android:scheme="https" />
26-->src\main\AndroidManifest.xml:19:13-44
26-->src\main\AndroidManifest.xml:19:19-41
27        </intent>
28    </queries>
29
30    <permission
30-->[androidx.core:core:1.13.0] AndroidManifest.xml:22:5-24:47
31        android:name="com.example.syncly.DYNAMIC_RECEIVER_NOT_EXPORTED_PERMISSION"
31-->[androidx.core:core:1.13.0] AndroidManifest.xml:23:9-81
32        android:protectionLevel="signature" />
32-->[androidx.core:core:1.13.0] AndroidManifest.xml:24:9-44
33
34    <uses-permission android:name="com.example.syncly.DYNAMIC_RECEIVER_NOT_EXPORTED_PERMISSION" />
34-->[androidx.core:core:1.13.0] AndroidManifest.xml:26:5-97
34-->[androidx.core:core:1.13.0] AndroidManifest.xml:26:22-94
35
36    <application
36-->src\main\AndroidManifest.xml:23:5-87:19
37        android:allowBackup="true"
37-->src\main\AndroidManifest.xml:24:9-35
38        android:appComponentFactory="androidx.core.app.CoreComponentFactory"
38-->[androidx.core:core:1.13.0] AndroidManifest.xml:28:18-86
39        android:dataExtractionRules="@xml/data_extraction_rules"
39-->src\main\AndroidManifest.xml:25:9-65
40        android:debuggable="true"
41        android:extractNativeLibs="false"
42        android:fullBackupContent="@xml/backup_rules"
42-->src\main\AndroidManifest.xml:26:9-54
43        android:icon="@mipmap/ic_launcher"
43-->src\main\AndroidManifest.xml:27:9-43
44        android:label="@string/app_name"
44-->src\main\AndroidManifest.xml:28:9-41
45        android:roundIcon="@mipmap/ic_launcher_round"
45-->src\main\AndroidManifest.xml:29:9-54
46        android:supportsRtl="true"
46-->src\main\AndroidManifest.xml:30:9-35
47        android:testOnly="true"
48        android:theme="@style/Theme.Syncly" >
48-->src\main\AndroidManifest.xml:31:9-44
49
50        <!-- Main Activity (Launcher) -->
51        <activity
51-->src\main\AndroidManifest.xml:35:9-44:20
52            android:name="com.example.syncly.MainActivity"
52-->src\main\AndroidManifest.xml:36:13-41
53            android:exported="true"
53-->src\main\AndroidManifest.xml:37:13-36
54            android:label="Syncly"
54-->src\main\AndroidManifest.xml:38:13-35
55            android:theme="@style/Theme.Syncly" >
55-->src\main\AndroidManifest.xml:39:13-48
56            <intent-filter>
56-->src\main\AndroidManifest.xml:40:13-43:29
57                <action android:name="android.intent.action.MAIN" />
57-->src\main\AndroidManifest.xml:41:17-69
57-->src\main\AndroidManifest.xml:41:25-66
58
59                <category android:name="android.intent.category.LAUNCHER" />
59-->src\main\AndroidManifest.xml:42:17-77
59-->src\main\AndroidManifest.xml:42:27-74
60            </intent-filter>
61        </activity>
62
63        <!-- Login and Register Activities -->
64        <activity
64-->src\main\AndroidManifest.xml:47:9-49:40
65            android:name="com.example.syncly.LoginActivity"
65-->src\main\AndroidManifest.xml:48:13-42
66            android:exported="false" />
66-->src\main\AndroidManifest.xml:49:13-37
67        <activity
67-->src\main\AndroidManifest.xml:50:9-52:40
68            android:name="com.example.syncly.RegisterActivity"
68-->src\main\AndroidManifest.xml:51:13-45
69            android:exported="false" />
69-->src\main\AndroidManifest.xml:52:13-37
70
71        <!-- Home and Utility Activities -->
72        <activity
72-->src\main\AndroidManifest.xml:55:9-57:40
73            android:name="com.example.syncly.HomeActivity"
73-->src\main\AndroidManifest.xml:56:13-41
74            android:exported="false" />
74-->src\main\AndroidManifest.xml:57:13-37
75        <activity
75-->src\main\AndroidManifest.xml:58:9-60:40
76            android:name="com.example.syncly.AddBucketActivity"
76-->src\main\AndroidManifest.xml:59:13-46
77            android:exported="false" />
77-->src\main\AndroidManifest.xml:60:13-37
78        <activity
78-->src\main\AndroidManifest.xml:61:9-63:40
79            android:name="com.example.syncly.ViewFilesActivity"
79-->src\main\AndroidManifest.xml:62:13-46
80            android:exported="false" />
80-->src\main\AndroidManifest.xml:63:13-37
81        <activity
81-->src\main\AndroidManifest.xml:64:9-66:40
82            android:name="com.example.syncly.UploadFilesActivity"
82-->src\main\AndroidManifest.xml:65:13-48
83            android:exported="false" />
83-->src\main\AndroidManifest.xml:66:13-37
84
85        <!-- Google Drive Account Activity -->
86        <activity
86-->src\main\AndroidManifest.xml:69:9-71:40
87            android:name="com.example.syncly.GoogleDriveAccountActivity"
87-->src\main\AndroidManifest.xml:70:13-55
88            android:exported="false" />
88-->src\main\AndroidManifest.xml:71:13-37
89
90        <!-- Dropbox Account Activity with OAuth Redirect -->
91        <activity
91-->src\main\AndroidManifest.xml:74:9-86:20
92            android:name="com.example.syncly.DropboxAccountActivity"
92-->src\main\AndroidManifest.xml:75:13-51
93            android:exported="true"
93-->src\main\AndroidManifest.xml:76:13-36
94            android:launchMode="singleTask" >
94-->src\main\AndroidManifest.xml:77:13-44
95            <intent-filter>
95-->src\main\AndroidManifest.xml:78:13-85:29
96                <action android:name="android.intent.action.VIEW" />
96-->src\main\AndroidManifest.xml:18:13-65
96-->src\main\AndroidManifest.xml:18:21-62
97
98                <category android:name="android.intent.category.DEFAULT" />
98-->src\main\AndroidManifest.xml:80:17-76
98-->src\main\AndroidManifest.xml:80:27-73
99                <category android:name="android.intent.category.BROWSABLE" />
99-->src\main\AndroidManifest.xml:81:17-78
99-->src\main\AndroidManifest.xml:81:27-75
100
101                <data
101-->src\main\AndroidManifest.xml:19:13-44
102                    android:host="dropbox-auth"
102-->src\main\AndroidManifest.xml:84:21-48
103                    android:scheme="syncly" />
103-->src\main\AndroidManifest.xml:19:19-41
104            </intent-filter>
105        </activity>
106        <activity
106-->[com.google.android.gms:play-services-auth:20.7.0] AndroidManifest.xml:23:9-27:75
107            android:name="com.google.android.gms.auth.api.signin.internal.SignInHubActivity"
107-->[com.google.android.gms:play-services-auth:20.7.0] AndroidManifest.xml:24:13-93
108            android:excludeFromRecents="true"
108-->[com.google.android.gms:play-services-auth:20.7.0] AndroidManifest.xml:25:13-46
109            android:exported="false"
109-->[com.google.android.gms:play-services-auth:20.7.0] AndroidManifest.xml:26:13-37
110            android:theme="@android:style/Theme.Translucent.NoTitleBar" />
110-->[com.google.android.gms:play-services-auth:20.7.0] AndroidManifest.xml:27:13-72
111        <!--
112            Service handling Google Sign-In user revocation. For apps that do not integrate with
113            Google Sign-In, this service will never be started.
114        -->
115        <service
115-->[com.google.android.gms:play-services-auth:20.7.0] AndroidManifest.xml:33:9-37:51
116            android:name="com.google.android.gms.auth.api.signin.RevocationBoundService"
116-->[com.google.android.gms:play-services-auth:20.7.0] AndroidManifest.xml:34:13-89
117            android:exported="true"
117-->[com.google.android.gms:play-services-auth:20.7.0] AndroidManifest.xml:35:13-36
118            android:permission="com.google.android.gms.auth.api.signin.permission.REVOCATION_NOTIFICATION"
118-->[com.google.android.gms:play-services-auth:20.7.0] AndroidManifest.xml:36:13-107
119            android:visibleToInstantApps="true" />
119-->[com.google.android.gms:play-services-auth:20.7.0] AndroidManifest.xml:37:13-48
120
121        <activity
121-->[com.google.android.gms:play-services-base:18.0.1] AndroidManifest.xml:20:9-22:45
122            android:name="com.google.android.gms.common.api.GoogleApiActivity"
122-->[com.google.android.gms:play-services-base:18.0.1] AndroidManifest.xml:20:19-85
123            android:exported="false"
123-->[com.google.android.gms:play-services-base:18.0.1] AndroidManifest.xml:22:19-43
124            android:theme="@android:style/Theme.Translucent.NoTitleBar" />
124-->[com.google.android.gms:play-services-base:18.0.1] AndroidManifest.xml:21:19-78
125
126        <meta-data
126-->[com.google.android.gms:play-services-basement:18.2.0] AndroidManifest.xml:21:9-23:69
127            android:name="com.google.android.gms.version"
127-->[com.google.android.gms:play-services-basement:18.2.0] AndroidManifest.xml:22:13-58
128            android:value="@integer/google_play_services_version" />
128-->[com.google.android.gms:play-services-basement:18.2.0] AndroidManifest.xml:23:13-66
129
130        <activity
130-->[androidx.compose.ui:ui-tooling-android:1.6.6] AndroidManifest.xml:23:9-25:39
131            android:name="androidx.compose.ui.tooling.PreviewActivity"
131-->[androidx.compose.ui:ui-tooling-android:1.6.6] AndroidManifest.xml:24:13-71
132            android:exported="true" />
132-->[androidx.compose.ui:ui-tooling-android:1.6.6] AndroidManifest.xml:25:13-36
133        <activity
133-->[androidx.compose.ui:ui-test-manifest:1.6.6] AndroidManifest.xml:23:9-25:39
134            android:name="androidx.activity.ComponentActivity"
134-->[androidx.compose.ui:ui-test-manifest:1.6.6] AndroidManifest.xml:24:13-63
135            android:exported="true" />
135-->[androidx.compose.ui:ui-test-manifest:1.6.6] AndroidManifest.xml:25:13-36
136
137        <provider
137-->[androidx.emoji2:emoji2:1.3.0] AndroidManifest.xml:24:9-32:20
138            android:name="androidx.startup.InitializationProvider"
138-->[androidx.emoji2:emoji2:1.3.0] AndroidManifest.xml:25:13-67
139            android:authorities="com.example.syncly.androidx-startup"
139-->[androidx.emoji2:emoji2:1.3.0] AndroidManifest.xml:26:13-68
140            android:exported="false" >
140-->[androidx.emoji2:emoji2:1.3.0] AndroidManifest.xml:27:13-37
141            <meta-data
141-->[androidx.emoji2:emoji2:1.3.0] AndroidManifest.xml:29:13-31:52
142                android:name="androidx.emoji2.text.EmojiCompatInitializer"
142-->[androidx.emoji2:emoji2:1.3.0] AndroidManifest.xml:30:17-75
143                android:value="androidx.startup" />
143-->[androidx.emoji2:emoji2:1.3.0] AndroidManifest.xml:31:17-49
144            <meta-data
144-->[androidx.lifecycle:lifecycle-process:2.8.7] AndroidManifest.xml:29:13-31:52
145                android:name="androidx.lifecycle.ProcessLifecycleInitializer"
145-->[androidx.lifecycle:lifecycle-process:2.8.7] AndroidManifest.xml:30:17-78
146                android:value="androidx.startup" />
146-->[androidx.lifecycle:lifecycle-process:2.8.7] AndroidManifest.xml:31:17-49
147            <meta-data
147-->[androidx.profileinstaller:profileinstaller:1.4.0] AndroidManifest.xml:29:13-31:52
148                android:name="androidx.profileinstaller.ProfileInstallerInitializer"
148-->[androidx.profileinstaller:profileinstaller:1.4.0] AndroidManifest.xml:30:17-85
149                android:value="androidx.startup" />
149-->[androidx.profileinstaller:profileinstaller:1.4.0] AndroidManifest.xml:31:17-49
150        </provider>
151
152        <receiver
152-->[androidx.profileinstaller:profileinstaller:1.4.0] AndroidManifest.xml:34:9-52:20
153            android:name="androidx.profileinstaller.ProfileInstallReceiver"
153-->[androidx.profileinstaller:profileinstaller:1.4.0] AndroidManifest.xml:35:13-76
154            android:directBootAware="false"
154-->[androidx.profileinstaller:profileinstaller:1.4.0] AndroidManifest.xml:36:13-44
155            android:enabled="true"
155-->[androidx.profileinstaller:profileinstaller:1.4.0] AndroidManifest.xml:37:13-35
156            android:exported="true"
156-->[androidx.profileinstaller:profileinstaller:1.4.0] AndroidManifest.xml:38:13-36
157            android:permission="android.permission.DUMP" >
157-->[androidx.profileinstaller:profileinstaller:1.4.0] AndroidManifest.xml:39:13-57
158            <intent-filter>
158-->[androidx.profileinstaller:profileinstaller:1.4.0] AndroidManifest.xml:40:13-42:29
159                <action android:name="androidx.profileinstaller.action.INSTALL_PROFILE" />
159-->[androidx.profileinstaller:profileinstaller:1.4.0] AndroidManifest.xml:41:17-91
159-->[androidx.profileinstaller:profileinstaller:1.4.0] AndroidManifest.xml:41:25-88
160            </intent-filter>
161            <intent-filter>
161-->[androidx.profileinstaller:profileinstaller:1.4.0] AndroidManifest.xml:43:13-45:29
162                <action android:name="androidx.profileinstaller.action.SKIP_FILE" />
162-->[androidx.profileinstaller:profileinstaller:1.4.0] AndroidManifest.xml:44:17-85
162-->[androidx.profileinstaller:profileinstaller:1.4.0] AndroidManifest.xml:44:25-82
163            </intent-filter>
164            <intent-filter>
164-->[androidx.profileinstaller:profileinstaller:1.4.0] AndroidManifest.xml:46:13-48:29
165                <action android:name="androidx.profileinstaller.action.SAVE_PROFILE" />
165-->[androidx.profileinstaller:profileinstaller:1.4.0] AndroidManifest.xml:47:17-88
165-->[androidx.profileinstaller:profileinstaller:1.4.0] AndroidManifest.xml:47:25-85
166            </intent-filter>
167            <intent-filter>
167-->[androidx.profileinstaller:profileinstaller:1.4.0] AndroidManifest.xml:49:13-51:29
168                <action android:name="androidx.profileinstaller.action.BENCHMARK_OPERATION" />
168-->[androidx.profileinstaller:profileinstaller:1.4.0] AndroidManifest.xml:50:17-95
168-->[androidx.profileinstaller:profileinstaller:1.4.0] AndroidManifest.xml:50:25-92
169            </intent-filter>
170        </receiver>
171    </application>
172
173</manifest>